Flow report for HFMSG_fpga_proj
Thu Jun 22 14:45:49 2023
Quartus II 64-Bit Version 13.1.0 Build 162 10/23/2013 SJ Full Version


---------------------
; Table of Contents ;
---------------------
  1. Legal Notice
  2. Flow Summary
  3. Flow Settings
  4. Flow Non-Default Global Settings
  5. Flow Elapsed Time
  6. Flow OS Summary
  7. Flow Log
  8. Flow Messages
  9. Flow Suppressed Messages



----------------
; Legal Notice ;
----------------
Copyright (C) 1991-2013 Altera Corporation
Your use of Altera Corporation's design tools, logic functions 
and other software and tools, and its AMPP partner logic 
functions, and any output files from any of the foregoing 
(including device programming or simulation files), and any 
associated documentation or information are expressly subject 
to the terms and conditions of the Altera Program License 
Subscription Agreement, Altera MegaCore Function License 
Agreement, or other applicable license agreement, including, 
without limitation, that your use is for the sole purpose of 
programming logic devices manufactured by Altera and sold by 
Altera or its authorized distributors.  Please refer to the 
applicable agreement for further details.



+----------------------------------------------------------------------------------+
; Flow Summary                                                                     ;
+------------------------------------+---------------------------------------------+
; Flow Status                        ; Successful - Thu Jun 22 14:45:49 2023       ;
; Quartus II 64-Bit Version          ; 13.1.0 Build 162 10/23/2013 SJ Full Version ;
; Revision Name                      ; HFMSG_fpga_proj                             ;
; Top-level Entity Name              ; DDS_TOP                                     ;
; Family                             ; Cyclone IV E                                ;
; Device                             ; EP4CE10E22C8                                ;
; Timing Models                      ; Final                                       ;
; Total logic elements               ; N/A until Partition Merge                   ;
;     Total combinational functions  ; N/A until Partition Merge                   ;
;     Dedicated logic registers      ; N/A until Partition Merge                   ;
; Total registers                    ; N/A until Partition Merge                   ;
; Total pins                         ; N/A until Partition Merge                   ;
; Total virtual pins                 ; N/A until Partition Merge                   ;
; Total memory bits                  ; N/A until Partition Merge                   ;
; Embedded Multiplier 9-bit elements ; N/A until Partition Merge                   ;
; Total PLLs                         ; N/A until Partition Merge                   ;
+------------------------------------+---------------------------------------------+


+-----------------------------------------+
; Flow Settings                           ;
+-------------------+---------------------+
; Option            ; Setting             ;
+-------------------+---------------------+
; Start date & time ; 06/22/2023 14:45:39 ;
; Main task         ; Compilation         ;
; Revision Name     ; HFMSG_fpga_proj     ;
+-------------------+---------------------+


+----------------------------------------------------------------------------------------------------------------------------------------------------------------------------+
; Flow Non-Default Global Settings                                                                                                                                           ;
+-------------------------------------+-----------------------------------------------------------------------------------+-----------------+-------------+------------------+
; Assignment Name                     ; Value                                                                             ; Default Value   ; Entity Name ; Section Id       ;
+-------------------------------------+-----------------------------------------------------------------------------------+-----------------+-------------+------------------+
; COMPILER_SIGNATURE_ID               ; 162763477759616.168741633906388                                                   ; --              ; --          ; --               ;
; EDA_OUTPUT_DATA_FORMAT              ; Vhdl                                                                              ; --              ; --          ; eda_simulation   ;
; EDA_SIMULATION_TOOL                 ; ModelSim-Altera (VHDL)                                                            ; <None>          ; --          ; --               ;
; ENABLE_SIGNALTAP                    ; On                                                                                ; --              ; --          ; --               ;
; IP_TOOL_NAME                        ; ALTPLL                                                                            ; --              ; --          ; --               ;
; IP_TOOL_NAME                        ; ROM: 1-PORT                                                                       ; --              ; --          ; --               ;
; IP_TOOL_NAME                        ; LPM_MULT                                                                          ; --              ; --          ; --               ;
; IP_TOOL_VERSION                     ; 13.1                                                                              ; --              ; --          ; --               ;
; IP_TOOL_VERSION                     ; 13.1                                                                              ; --              ; --          ; --               ;
; IP_TOOL_VERSION                     ; 13.1                                                                              ; --              ; --          ; --               ;
; MAX_CORE_JUNCTION_TEMP              ; 85                                                                                ; --              ; --          ; --               ;
; MIN_CORE_JUNCTION_TEMP              ; 0                                                                                 ; --              ; --          ; --               ;
; MISC_FILE                           ; ipcore/pll_ip.bsf                                                                 ; --              ; --          ; --               ;
; MISC_FILE                           ; ipcore/pll_ip_bb.v                                                                ; --              ; --          ; --               ;
; MISC_FILE                           ; ipcore/pll_ip.ppf                                                                 ; --              ; --          ; --               ;
; MISC_FILE                           ; ipcore/sin_rom_ip.bsf                                                             ; --              ; --          ; --               ;
; MISC_FILE                           ; ipcore/sin_rom_ip_bb.v                                                            ; --              ; --          ; --               ;
; MISC_FILE                           ; ipcore/mul_ip.bsf                                                                 ; --              ; --          ; --               ;
; MISC_FILE                           ; ipcore/mul_ip_bb.v                                                                ; --              ; --          ; --               ;
; OUTPUT_IO_TIMING_FAR_END_VMEAS      ; Half Signal Swing                                                                 ; --              ; --          ; --               ;
; OUTPUT_IO_TIMING_FAR_END_VMEAS      ; Half Signal Swing                                                                 ; --              ; --          ; --               ;
; OUTPUT_IO_TIMING_NEAR_END_VMEAS     ; Half Vccio                                                                        ; --              ; --          ; --               ;
; OUTPUT_IO_TIMING_NEAR_END_VMEAS     ; Half Vccio                                                                        ; --              ; --          ; --               ;
; PARTITION_COLOR                     ; 16764057                                                                          ; --              ; DDS_TOP     ; Top              ;
; PARTITION_FITTER_PRESERVATION_LEVEL ; PLACEMENT_AND_ROUTING                                                             ; --              ; DDS_TOP     ; Top              ;
; PARTITION_NETLIST_TYPE              ; SOURCE                                                                            ; --              ; DDS_TOP     ; Top              ;
; PROJECT_OUTPUT_DIRECTORY            ; output_files                                                                      ; --              ; --          ; --               ;
; SLD_FILE                            ; db/HFMSG_fpga_auto_stripped.stp                                                   ; --              ; --          ; --               ;
; SLD_NODE_CREATOR_ID                 ; 110                                                                               ; --              ; --          ; auto_signaltap_0 ;
; SLD_NODE_ENTITY_NAME                ; sld_signaltap                                                                     ; --              ; --          ; auto_signaltap_0 ;
; SLD_NODE_PARAMETER_ASSIGNMENT       ; SLD_RAM_BLOCK_TYPE=AUTO                                                           ; --              ; --          ; auto_signaltap_0 ;
; SLD_NODE_PARAMETER_ASSIGNMENT       ; SLD_NODE_INFO=805334528                                                           ; --              ; --          ; auto_signaltap_0 ;
; SLD_NODE_PARAMETER_ASSIGNMENT       ; SLD_POWER_UP_TRIGGER=0                                                            ; --              ; --          ; auto_signaltap_0 ;
; SLD_NODE_PARAMETER_ASSIGNMENT       ; SLD_STORAGE_QUALIFIER_INVERSION_MASK_LENGTH=0                                     ; --              ; --          ; auto_signaltap_0 ;
; SLD_NODE_PARAMETER_ASSIGNMENT       ; SLD_ATTRIBUTE_MEM_MODE=OFF                                                        ; --              ; --          ; auto_signaltap_0 ;
; SLD_NODE_PARAMETER_ASSIGNMENT       ; SLD_STATE_FLOW_USE_GENERATED=0                                                    ; --              ; --          ; auto_signaltap_0 ;
; SLD_NODE_PARAMETER_ASSIGNMENT       ; SLD_STATE_BITS=11                                                                 ; --              ; --          ; auto_signaltap_0 ;
; SLD_NODE_PARAMETER_ASSIGNMENT       ; SLD_BUFFER_FULL_STOP=1                                                            ; --              ; --          ; auto_signaltap_0 ;
; SLD_NODE_PARAMETER_ASSIGNMENT       ; SLD_CURRENT_RESOURCE_WIDTH=1                                                      ; --              ; --          ; auto_signaltap_0 ;
; SLD_NODE_PARAMETER_ASSIGNMENT       ; SLD_TRIGGER_LEVEL=1                                                               ; --              ; --          ; auto_signaltap_0 ;
; SLD_NODE_PARAMETER_ASSIGNMENT       ; SLD_TRIGGER_IN_ENABLED=0                                                          ; --              ; --          ; auto_signaltap_0 ;
; SLD_NODE_PARAMETER_ASSIGNMENT       ; SLD_ADVANCED_TRIGGER_ENTITY=basic,1,                                              ; --              ; --          ; auto_signaltap_0 ;
; SLD_NODE_PARAMETER_ASSIGNMENT       ; SLD_TRIGGER_LEVEL_PIPELINE=1                                                      ; --              ; --          ; auto_signaltap_0 ;
; SLD_NODE_PARAMETER_ASSIGNMENT       ; SLD_ENABLE_ADVANCED_TRIGGER=0                                                     ; --              ; --          ; auto_signaltap_0 ;
; SLD_NODE_PARAMETER_ASSIGNMENT       ; SLD_SEGMENT_SIZE=4096                                                             ; --              ; --          ; auto_signaltap_0 ;
; SLD_NODE_PARAMETER_ASSIGNMENT       ; SLD_SAMPLE_DEPTH=4096                                                             ; --              ; --          ; auto_signaltap_0 ;
; SLD_NODE_PARAMETER_ASSIGNMENT       ; SLD_DATA_BITS=12                                                                  ; --              ; --          ; auto_signaltap_0 ;
; SLD_NODE_PARAMETER_ASSIGNMENT       ; SLD_TRIGGER_BITS=12                                                               ; --              ; --          ; auto_signaltap_0 ;
; SLD_NODE_PARAMETER_ASSIGNMENT       ; SLD_INVERSION_MASK=00000000000000000000000000000000000000000000000000000000000000 ; --              ; --          ; auto_signaltap_0 ;
; SLD_NODE_PARAMETER_ASSIGNMENT       ; SLD_INVERSION_MASK_LENGTH=62                                                      ; --              ; --          ; auto_signaltap_0 ;
; SLD_NODE_PARAMETER_ASSIGNMENT       ; SLD_NODE_CRC_LOWORD=13036                                                         ; --              ; --          ; auto_signaltap_0 ;
; SLD_NODE_PARAMETER_ASSIGNMENT       ; SLD_NODE_CRC_HIWORD=50839                                                         ; --              ; --          ; auto_signaltap_0 ;
; TOP_LEVEL_ENTITY                    ; DDS_TOP                                                                           ; HFMSG_fpga_proj ; --          ; --               ;
; USE_SIGNALTAP_FILE                  ; HFMSG_fpga.stp                                                                    ; --              ; --          ; --               ;
+-------------------------------------+-----------------------------------------------------------------------------------+-----------------+-------------+------------------+


+----------------------------------------------------------------------------------------------------------------------------+
; Flow Elapsed Time                                                                                                          ;
+------------------------+--------------+-------------------------+---------------------+------------------------------------+
; Module Name            ; Elapsed Time ; Average Processors Used ; Peak Virtual Memory ; Total CPU Time (on all processors) ;
+------------------------+--------------+-------------------------+---------------------+------------------------------------+
; Analysis & Elaboration ; 00:00:11     ; 1.0                     ; 4695 MB             ; 00:00:05                           ;
; Total                  ; 00:00:11     ; --                      ; --                  ; 00:00:05                           ;
+------------------------+--------------+-------------------------+---------------------+------------------------------------+


+-------------------------------------------------------------------------------------+
; Flow OS Summary                                                                     ;
+------------------------+------------------+-----------+------------+----------------+
; Module Name            ; Machine Hostname ; OS Name   ; OS Version ; Processor type ;
+------------------------+------------------+-----------+------------+----------------+
; Analysis & Elaboration ; LAPTOP-CRQ0E811  ; Windows 7 ; 6.2        ; x86_64         ;
+------------------------+------------------+-----------+------------+----------------+


------------
; Flow Log ;
------------
quartus_map --read_settings_files=on --write_settings_files=off HFMSG_fpga_proj -c HFMSG_fpga_proj --analysis_and_elaboration



